  Parsers.c
C:\stam\Main\asdasdasda\Parsers.c(1,1): warning C4005: '_CRT_SECURE_NO_WARNINGS': macro redefinition
C:\stam\Main\asdasdasda\Parsers.c : message : see previous definition of '_CRT_SECURE_NO_WARNINGS'
C:\stam\Main\asdasdasda\Parsers.c(68,43): warning C4047: '!=': 'int' differs in levels of indirection from 'Token *'
C:\stam\Main\asdasdasda\Parsers.c(107,15): warning C4129: ',': unrecognized character escape sequence
C:\stam\Main\asdasdasda\Parsers.c(110,15): warning C4129: ';': unrecognized character escape sequence
C:\stam\Main\asdasdasda\Parsers.c(314,40): warning C4101: 'tokenIntNumberZ': unreferenced local variable
C:\stam\Main\asdasdasda\Parsers.c(314,24): warning C4101: 'tokenIntNumber': unreferenced local variable
C:\stam\Main\asdasdasda\Parsers.c(792,17): warning C4477: 'fprintf' : format string '%s' requires an argument of type 'char *', but variadic argument 6 has type 'int'
C:\stam\Main\asdasdasda\Parsers.c(792,17): warning C4473: 'fprintf' : not enough arguments passed for format string
C:\stam\Main\asdasdasda\Parsers.c(792,17): message : placeholders and their parameters expect 7 variadic arguments, but 6 were provided
C:\stam\Main\asdasdasda\Parsers.c(792,17): message : the missing variadic argument 7 is required by format string '%d'
C:\stam\Main\asdasdasda\Parsers.c(833,57): warning C4047: 'function': 'char **' differs in levels of indirection from 'char *'
C:\stam\Main\asdasdasda\Parsers.c(833,57): warning C4024: 'defineToketToName': different types for formal and actual parameter 2
C:\stam\Main\asdasdasda\Parsers.c(834,56): warning C4047: 'function': 'char **' differs in levels of indirection from 'char *'
C:\stam\Main\asdasdasda\Parsers.c(834,56): warning C4024: 'defineToketToName': different types for formal and actual parameter 2
C:\stam\Main\asdasdasda\Parsers.c(835,52): warning C4047: 'function': 'char **' differs in levels of indirection from 'char *'
C:\stam\Main\asdasdasda\Parsers.c(835,52): warning C4024: 'defineToketToName': different types for formal and actual parameter 2
C:\stam\Main\asdasdasda\Parsers.c(836,61): warning C4047: 'function': 'char **' differs in levels of indirection from 'char *'
C:\stam\Main\asdasdasda\Parsers.c(836,61): warning C4024: 'defineToketToName': different types for formal and actual parameter 2
C:\stam\Main\asdasdasda\Parsers.c(837,44): warning C4047: 'function': 'char **' differs in levels of indirection from 'char *'
C:\stam\Main\asdasdasda\Parsers.c(837,44): warning C4024: 'defineToketToName': different types for formal and actual parameter 2
C:\stam\Main\asdasdasda\Parsers.c(838,38): warning C4047: 'function': 'char **' differs in levels of indirection from 'char *'
C:\stam\Main\asdasdasda\Parsers.c(838,38): warning C4024: 'defineToketToName': different types for formal and actual parameter 2
C:\stam\Main\asdasdasda\Parsers.c(839,36): warning C4047: 'function': 'char **' differs in levels of indirection from 'char *'
C:\stam\Main\asdasdasda\Parsers.c(839,36): warning C4024: 'defineToketToName': different types for formal and actual parameter 2
C:\stam\Main\asdasdasda\Parsers.c(840,38): warning C4047: 'function': 'char **' differs in levels of indirection from 'char *'
C:\stam\Main\asdasdasda\Parsers.c(840,38): warning C4024: 'defineToketToName': different types for formal and actual parameter 2
C:\stam\Main\asdasdasda\Parsers.c(841,36): warning C4047: 'function': 'char **' differs in levels of indirection from 'char *'
C:\stam\Main\asdasdasda\Parsers.c(841,36): warning C4024: 'defineToketToName': different types for formal and actual parameter 2
C:\stam\Main\asdasdasda\Parsers.c(842,38): warning C4047: 'function': 'char **' differs in levels of indirection from 'char *'
C:\stam\Main\asdasdasda\Parsers.c(842,38): warning C4024: 'defineToketToName': different types for formal and actual parameter 2
C:\stam\Main\asdasdasda\Parsers.c(843,36): warning C4047: 'function': 'char **' differs in levels of indirection from 'char *'
C:\stam\Main\asdasdasda\Parsers.c(843,36): warning C4024: 'defineToketToName': different types for formal and actual parameter 2
C:\stam\Main\asdasdasda\Parsers.c(845,17): warning C4477: 'fprintf' : format string '%s' requires an argument of type 'char *', but variadic argument 2 has type 'int'
C:\stam\Main\asdasdasda\Parsers.c(845,17): warning C4477: 'fprintf' : format string '%s' requires an argument of type 'char *', but variadic argument 3 has type 'int'
C:\stam\Main\asdasdasda\Parsers.c(845,17): warning C4477: 'fprintf' : format string '%s' requires an argument of type 'char *', but variadic argument 4 has type 'int'
C:\stam\Main\asdasdasda\Parsers.c(845,17): warning C4477: 'fprintf' : format string '%s' requires an argument of type 'char *', but variadic argument 5 has type 'int'
C:\stam\Main\asdasdasda\Parsers.c(845,17): warning C4477: 'fprintf' : format string '%s' requires an argument of type 'char *', but variadic argument 6 has type 'int'
C:\stam\Main\asdasdasda\Parsers.c(845,17): warning C4477: 'fprintf' : format string '%s' requires an argument of type 'char *', but variadic argument 7 has type 'int'
C:\stam\Main\asdasdasda\Parsers.c(845,17): warning C4477: 'fprintf' : format string '%s' requires an argument of type 'char *', but variadic argument 8 has type 'int'
C:\stam\Main\asdasdasda\Parsers.c(845,17): warning C4477: 'fprintf' : format string '%s' requires an argument of type 'char *', but variadic argument 9 has type 'int'
C:\stam\Main\asdasdasda\Parsers.c(845,17): warning C4477: 'fprintf' : format string '%s' requires an argument of type 'char *', but variadic argument 10 has type 'int'
C:\stam\Main\asdasdasda\Parsers.c(845,17): warning C4477: 'fprintf' : format string '%s' requires an argument of type 'char *', but variadic argument 11 has type 'int'
C:\stam\Main\asdasdasda\Parsers.c(845,17): warning C4477: 'fprintf' : format string '%s' requires an argument of type 'char *', but variadic argument 12 has type 'int'
C:\stam\Main\asdasdasda\Parsers.c(845,17): warning C4473: 'fprintf' : not enough arguments passed for format string
C:\stam\Main\asdasdasda\Parsers.c(845,17): message : placeholders and their parameters expect 13 variadic arguments, but 12 were provided
C:\stam\Main\asdasdasda\Parsers.c(845,17): message : the missing variadic argument 13 is required by format string '%d'
C:\stam\Main\asdasdasda\Parsers.c(870,17): warning C4477: 'fprintf' : format string '%s' requires an argument of type 'char *', but variadic argument 2 has type 'int'
C:\stam\Main\asdasdasda\Parsers.c(870,17): warning C4473: 'fprintf' : not enough arguments passed for format string
C:\stam\Main\asdasdasda\Parsers.c(870,17): message : placeholders and their parameters expect 7 variadic arguments, but 2 were provided
C:\stam\Main\asdasdasda\Parsers.c(870,17): message : the missing variadic argument 3 is required by format string '%s'
C:\stam\Main\asdasdasda\Parsers.c(885,72): warning C4101: 'tokenParenthesesClose': unreferenced local variable
C:\stam\Main\asdasdasda\Parsers.c(927,17): warning C4566: character represented by universal-character-name '\u025B' cannot be represented in the current code page (1252)
C:\stam\Main\asdasdasda\Parsers.c(972,17): warning C4477: 'fprintf' : format string '%d' requires an argument of type 'int', but variadic argument 6 has type 'char *'
C:\stam\Main\asdasdasda\Parsers.c(972,187): warning C4474: 'fprintf' : too many arguments passed for format string
C:\stam\Main\asdasdasda\Parsers.c(972,187): message : placeholders and their parameters expect 6 variadic arguments, but 7 were provided
C:\stam\Main\asdasdasda\Parsers.c(1011,17): warning C4477: 'fprintf' : format string '%s' requires an argument of type 'char *', but variadic argument 4 has type 'int'
C:\stam\Main\asdasdasda\Parsers.c(1011,17): warning C4473: 'fprintf' : not enough arguments passed for format string
C:\stam\Main\asdasdasda\Parsers.c(1011,17): message : placeholders and their parameters expect 5 variadic arguments, but 4 were provided
C:\stam\Main\asdasdasda\Parsers.c(1011,17): message : the missing variadic argument 5 is required by format string '%d'
C:\stam\Main\asdasdasda\Parsers.c(1070,17): warning C4477: 'fprintf' : format string '%s' requires an argument of type 'char *', but variadic argument 2 has type 'int'
C:\stam\Main\asdasdasda\Parsers.c(1070,17): warning C4473: 'fprintf' : not enough arguments passed for format string
C:\stam\Main\asdasdasda\Parsers.c(1070,17): message : placeholders and their parameters expect 3 variadic arguments, but 2 were provided
C:\stam\Main\asdasdasda\Parsers.c(1070,17): message : the missing variadic argument 3 is required by format string '%d'
C:\stam\Main\asdasdasda\Parsers.c(1103,17): warning C4477: 'fprintf' : format string '%s' requires an argument of type 'char *', but variadic argument 6 has type 'int'
C:\stam\Main\asdasdasda\Parsers.c(1103,17): warning C4473: 'fprintf' : not enough arguments passed for format string
C:\stam\Main\asdasdasda\Parsers.c(1103,17): message : placeholders and their parameters expect 7 variadic arguments, but 6 were provided
C:\stam\Main\asdasdasda\Parsers.c(1103,17): message : the missing variadic argument 7 is required by format string '%d'
C:\stam\Main\asdasdasda\Parsers.c(1081,166): warning C4101: 'tokenOPE': unreferenced local variable
C:\stam\Main\asdasdasda\Parsers.c(1081,116): warning C4101: 'tokenOPLE': unreferenced local variable
C:\stam\Main\asdasdasda\Parsers.c(1081,141): warning C4101: 'tokenOPGE': unreferenced local variable
C:\stam\Main\asdasdasda\Parsers.c(1081,154): warning C4101: 'tokenOPG': unreferenced local variable
C:\stam\Main\asdasdasda\Parsers.c(1081,129): warning C4101: 'tokenOPL': unreferenced local variable
C:\stam\Main\asdasdasda\Parsers.c(1081,178): warning C4101: 'tokenOPNE': unreferenced local variable
C:\stam\Main\asdasdasda\Parsers.c(1120,4): warning C4101: 'tokenSemiColon': unreferenced local variable
C:\stam\Main\asdasdasda\Parsers.c(1119,48): warning C4101: 'tokenOpNE': unreferenced local variable
C:\stam\Main\asdasdasda\Parsers.c(1119,9): warning C4101: 'currentTokenName': unreferenced local variable
C:\stam\Main\asdasdasda\Parsers.c(1120,20): warning C4101: 'tokenComma': unreferenced local variable
C:\stam\Main\asdasdasda\Parsers.c(1119,37): warning C4101: 'tokenOpLE': unreferenced local variable
C:\stam\Main\asdasdasda\Parsers.c(1119,80): warning C4101: 'tokenOpG': unreferenced local variable
C:\stam\Main\asdasdasda\Parsers.c(1119,59): warning C4101: 'tokenOpL': unreferenced local variable
C:\stam\Main\asdasdasda\Parsers.c(1120,54): warning C4101: 'tokenCurlyClose': unreferenced local variable
C:\stam\Main\asdasdasda\Parsers.c(1119,69): warning C4101: 'tokenOpGE': unreferenced local variable
C:\stam\Main\asdasdasda\Parsers.c(1119,27): warning C4101: 'tokenOpE': unreferenced local variable
C:\stam\Main\asdasdasda\Parsers.c(1120,32): warning C4101: 'tokenParentesisClose': unreferenced local variable
C:\stam\Main\asdasdasda\Parsers.c(1205,17): warning C4477: 'fprintf' : format string '%s' requires an argument of type 'char *', but variadic argument 12 has type 'int'
C:\stam\Main\asdasdasda\Parsers.c(1205,17): warning C4473: 'fprintf' : not enough arguments passed for format string
C:\stam\Main\asdasdasda\Parsers.c(1205,17): message : placeholders and their parameters expect 13 variadic arguments, but 12 were provided
C:\stam\Main\asdasdasda\Parsers.c(1205,17): message : the missing variadic argument 13 is required by format string '%d'
C:\stam\Main\asdasdasda\Parsers.c(32): warning C4715: 'tokenMatcher': not all control paths return a value
C:\stam\Main\asdasdasda\Parsers.c(302): warning C4715: 'parse_VAR_DEC_': not all control paths return a value
C:\stam\Main\asdasdasda\Parsers.c(309): warning C4716: 'parse_DIM_SIZES': must return a value
C:\stam\Main\asdasdasda\Parsers.c(337): warning C4715: 'parse_DIM_SIZES_': not all control paths return a value
C:\stam\Main\asdasdasda\Parsers.c(360): warning C4715: 'parse_TYPE': not all control paths return a value
C:\stam\Main\asdasdasda\Parsers.c(797): warning C4715: 'parse_FACTOR': not all control paths return a value
C:\stam\Main\asdasdasda\Parsers.c(1114): warning C4716: 'parse_EXPR': must return a value
  asdasdasda.vcxproj -> C:\stam\Main\Debug\asdasdasda.exe
